[crackland.club/index.html]
[backblue.gif]
[fade.gif]
[index.html]
[crackland.club/assets/icons/obnoxious.jpg]
[crackland.club/assets/stylesheets/stylesheet.css]
[cdnjs.cloudflare.com/ajax/libs/animate.css/3.5.2/animate.min.css]
[crackland.club/assets/javascript/app.js]
[crackland.club/assets/javascript/lib/jquery-3.1.1.min.js]
[crackland.club/assets/javascript/lib/jquery.marquee.min.js]
[crackland.club/assets/javascript/lib/jquery.cookie.min.js]
[crackland.club/assets/javascript/lib/typed.min.js]
[crackland.club/assets/javascript/portfolio.js]
[crackland.club/assets/javascript/analytics.js]
[crackland.club/index.html]
[crackland.club/assets/others/cursor.png]
[crackland.club/assets/others/Mono.ttf]
[crackland.club/assets/others/dot.png]
[crackland.club/assets/stylesheets/stylesheet.css]
[cdnjs.cloudflare.com/ajax/libs/animate.css/3.5.2/animate.min.css]
[crackland.club/assets/others/Mono.html]
